<?xml version="1.0" encoding="UTF-8"?>
<testng-results skipped="0" failed="0" ignored="0" total="1" passed="1">
  <reporter-output>
  </reporter-output>
  <suite name="Default suite" duration-ms="37996" started-at="2017-12-06T13:54:56Z" finished-at="2017-12-06T13:55:34Z">
    <groups>
    </groups>
    <test name="Default test" duration-ms="37996" started-at="2017-12-06T13:54:56Z" finished-at="2017-12-06T13:55:34Z">
      <class name="grid.GridExample">
        <test-method status="PASS" signature="runFirefox()[pri:0, instance:grid.GridExample@643b1d11]" name="runFirefox" duration-ms="37964" started-at="2017-12-06T19:24:56Z" finished-at="2017-12-06T19:25:34Z">
          <reporter-output>
          </reporter-output>
        </test-method> <!-- runFirefox -->
      </class> <!-- grid.GridExample -->
    </test> <!-- Default test -->
  </suite> <!-- Default suite -->
</testng-results>
